len:70
line:acpi (1)             - Shows battery status and other ACPI information
seg1:54
seg2:15
len:78
line:acpid (8)            - Advanced Configuration and Power Interface event daemon
seg1:54
seg2:23
len:71
line:alacritty (1)        - A fast, cross-platform, OpenGL terminal emulator
seg1:54
seg2:16
len:55
line:ani-cli (1)          - watch anime from the commandline
seg1:54
seg2:0
len:60
line:audacity (1)         - Graphical cross-platform audio editor
seg1:54
seg2:5
len:62
line:axel (1)             - light command line download accelerator
seg1:54
seg2:7
len:68
line:b43-fwcutter (1)     - Utility for extracting Broadcom 43xx firmware
seg1:54
seg2:13
len:76
line:baobab (1)           - A graphical disk usage analyzer for the GNOME desktop
seg1:54
seg2:21
len:83
line:bat (1)              - a cat(1) clone with syntax highlighting and Git integration.
seg1:54
seg2:28
len:56
line:bemenu (1)           - dynamic menu inspired by dmenu(1)
seg1:54
seg2:1
len:70
line:bison (1)            - GNU Project parser generator (yacc replacement)
seg1:54
seg2:15
len:62
line:bonnie++ (8)         - program to test hard drive performance.
seg1:54
seg2:7
len:62
line:bzip2 (1)            - a block-sorting file compressor, v1.0.8
seg1:54
seg2:7
len:95
line:catdoc (1)           - reads MS-Word file and puts its content as plain text on standard output
seg1:54
seg2:40
len:62
line:catimg (1)           - fast image printing in to your terminal
seg1:54
seg2:7
len:60
line:checkbashisms (1)    - check for bashisms in /bin/sh scripts
seg1:54
seg2:5
len:58
line:chocolate-doom (6)   - historically compatible Doom engine
seg1:54
seg2:3
len:65
line:clang (1)            - the Clang C, C++, and Objective-C compiler
seg1:54
seg2:10
len:68
line:cpupower (1)         - Shows and sets processor power related values
seg1:54
seg2:13
len:79
line:cryptsetup (8)       - manage plain dm-crypt, LUKS, and other encrypted volumes
seg1:54
seg2:24
len:69
line:cups (1)             - a standards-based, open source printing system
seg1:54
seg2:14
len:65
line:dhclient (8)         - Dynamic Host Configuration Protocol Client
seg1:54
seg2:10
len:62
line:dialog (1)           - display dialog boxes from shell scripts
seg1:54
seg2:7
len:61
line:dialog (3)           - widgets and utilities for the  program
seg1:54
seg2:6
len:74
line:dmraid (8)           - discover, configure and activate software (ATA)RAID
seg1:54
seg2:19
len:65
line:dnsmasq (8)          - A lightweight DHCP and caching DNS server.
seg1:54
seg2:10
len:73
line:dunst (1)            - A customizable and lightweight notification-daemon
seg1:54
seg2:18
len:65
line:efibootmgr (8)       - change the UEFI Boot Manager configuration
seg1:54
seg2:10
len:67
line:espeak-ng (1)        - A multi-lingual software speech synthesizer.
seg1:54
seg2:12
len:65
line:exa (4)              - new 2D acceleration architecture for X.Org
seg1:54
seg2:10
len:66
line:ext4magic (8)        - recover deleted files on ext3/4 filesystems
seg1:54
seg2:11
len:74
line:fdupes (1)           - finds duplicate files in a given set of directories
seg1:54
seg2:19
len:67
line:fennel (1)           - a lisp programming language that runs on Lua
seg1:54
seg2:12
len:62
line:ffmpegthumbnailer (1) - fast and lightweight video thumbnailer
seg1:54
seg2:7
len:59
line:file (n)             - Manipulate file names and attributes
seg1:54
seg2:4
len:69
line:flameshot (1)        - Powerful yet simple-to-use screenshot software
seg1:54
seg2:14
len:71
line:flatpak (1)          - Build, install and run applications and runtimes
seg1:54
seg2:16
len:58
line:flex (1)             - the fast lexical analyser generator
seg1:54
seg2:3
len:66
line:galculator (1)       - a GTK 2 / GTK 3 based scientific calculator
seg1:54
seg2:11
len:63
line:gawk (1)             - pattern scanning and processing language
seg1:54
seg2:8
len:64
line:glibc (7)            - overview of standard C libraries on Linux
seg1:54
seg2:9
len:57
line:gnome-keyring (1)    - The gnome-keyring commandline tool
seg1:54
seg2:2
len:79
line:gparted (8)          - GNOME Partition Editor for manipulating disk partitions.
seg1:54
seg2:24
len:74
line:grub-btrfs (8)       - Automatically add btrfs-Snapshots as a Grub submenu
seg1:54
seg2:19
len:62
line:gufw (8)             - Graphic user interface for managing ufw
seg1:54
seg2:7
len:78
line:haveged (8)          - Generate random numbers and feed Linux's random device.
seg1:54
seg2:23
len:66
line:i3blocks (1)         - A feed generator for text based status bars
seg1:54
seg2:11
len:83
line:i3status (1)         - Generates a status line for i3bar, dzen2, xmobar or lemonbar
seg1:54
seg2:28
len:73
line:inkscape (1)         - an SVG (Scalable Vector Graphics) editing program.
seg1:54
seg2:18
len:89
line:interbench (8)       - benchmark application designed to benchmark interactivity in Linux
seg1:54
seg2:34
len:81
line:inxi (1)             - Command line system information script for console and IRC
seg1:54
seg2:26
len:62
line:kdenlive (1)         - An open source non-linear video editor.
seg1:54
seg2:7
len:60
line:keepassxc (1)        - a modern open-source password manager
seg1:54
seg2:5
len:63
line:less (3perl)         - perl pragma to request less of something
seg1:54
seg2:8
len:65
line:logrotate (8)        - rotates, compresses, and mails system logs
seg1:54
seg2:10
len:71
line:lolcat (6)           - rainbow coloring effect for text console display
seg1:54
seg2:16
len:55
line:lutris (1)           - video game preservation platform
seg1:54
seg2:0
len:95
line:lynx (1)             - a general purpose distributed information browser for the World Wide Web
seg1:54
seg2:40
len:70
line:make (1)             - GNU Make utility to maintain groups of programs
seg1:54
seg2:15
len:88
line:make (1p)            - maintain, update, and regenerate groups of programs (DEVELOPMENT)
seg1:54
seg2:33
len:62
line:man-pages (7)        - conventions for writing Linux man pages
seg1:54
seg2:7
len:57
line:mangohud (1)         - enable MangoHud on any application
seg1:54
seg2:2
len:64
line:mdadm (8)            - manage MD devices aka Linux Software RAID
seg1:54
seg2:9
len:58
line:menulibre (1)        - advanced fd.o compliant menu editor
seg1:54
seg2:3
len:72
line:micro (1)            - A modern and intuitive terminal-based text editor
seg1:54
seg2:17
len:63
line:ModemManager (8)     - mobile broadband modem management daemon
seg1:54
seg2:8
len:93
line:mono (1)             - Mono's ECMA-CLI native code generator (Just-in-Time and Ahead-of-Time)
seg1:54
seg2:38
len:78
line:mupdf (1)            - MuPDF is a lightweight PDF viewer written in portable C
seg1:54
seg2:23
len:62
line:nano (1)             - Nano's ANOther editor, inspired by Pico
seg1:54
seg2:7
len:69
line:neofetch (1)         - A fast, highly customizable system info script
seg1:54
seg2:14
len:78
line:netstat-nat (1)      - Show the natted connections on a linux iptable firewall
seg1:54
seg2:23
len:58
line:nitrogen (1)         - X11 background previewer and setter
seg1:54
seg2:3
len:60
line:nnn (1)              - The unorthodox terminal file manager.
seg1:54
seg2:5
len:94
line:nomacs (1)           - is a free, open source image viewer, which supports multiple platforms.
seg1:54
seg2:39
len:62
line:ntfs-3g (8)          - Third Generation Read/Write NTFS Driver
seg1:54
seg2:7
len:89
line:openttd (6)          - open source clone of the Microprose game “Transport Tycoon Deluxe”
seg1:54
seg2:34
len:65
line:pa-notify (1)        - PulseAudio or PipeWire volume notification
seg1:54
seg2:10
len:92
line:parallel (1)         - build and execute shell command lines from standard input in parallel
seg1:54
seg2:37
len:64
line:pasystray (1)        - PulseAudio controller for the system tray
seg1:54
seg2:9
len:55
line:patch (1)            - apply a diff file to an original
seg1:54
seg2:0
len:76
line:pkgconf (1)          - a system for configuring build dependency information
seg1:54
seg2:21
len:79
line:powertop (8)         - a power consumption and power management diagnosis tool.
seg1:54
seg2:24
len:85
line:prboom-plus (6)      - PrBoom+, a version of Doom for Unix, Linux and Windows systems
seg1:54
seg2:30
len:126
line:pulseaudio-ctl (1)   - Control pulseaudio's basic functions such as the master volume level and mute status from a mapped key.
seg1:54
seg2:71
len:62
line:qbittorrent (1)      - a Bittorrent client written in C++ / Qt
seg1:54
seg2:7
len:74
line:qutebrowser (1)      - a keyboard-driven, vim-like browser based on PyQt5.
seg1:54
seg2:19
len:80
line:redshift (1)         - set color temperature of display according to time of day
seg1:54
seg2:25
len:67
line:retroarch (6)        - The reference frontend for the libretro API.
seg1:54
seg2:12
len:77
line:rmlint (1)           - find duplicate files and other space waste efficiently
seg1:54
seg2:22
len:102
line:rofi (1)             - A window switcher, application launcher, ssh dialog, dmenu replacement and more
seg1:54
seg2:47
len:78
line:rsync (1)            - a fast, versatile, remote (and local) file-copying tool
seg1:54
seg2:23
len:68
line:samba (7)            - A Windows AD and SMB/CIFS fileserver for UNIX
seg1:54
seg2:13
len:76
line:samba (8)            - Server to provide AD and SMB/CIFS services to clients
seg1:54
seg2:21
len:74
line:sane (7)             - Scanner Access Now Easy: API for accessing scanners
seg1:54
seg2:19
len:59
line:screenfetch (1)      - The Bash Screenshot Information Tool
seg1:54
seg2:4
len:72
line:sed (1)              - stream editor for filtering and transforming text
seg1:54
seg2:17
len:55
line:shadow (3)           - encrypted password file routines
seg1:54
seg2:0
len:56
line:smplayer (1)         - The best GUI frontend for MPlayer
seg1:54
seg2:1
len:77
line:steam (6)            - a launcher for the Steam client from Valve Corporation
seg1:54
seg2:22
len:56
line:sudo (8)             - execute a command as another user
seg1:54
seg2:1
len:58
line:sway (1)             - An i3-compatible Wayland compositor
seg1:54
seg2:3
len:57
line:systemd (1)          - systemd system and service manager
seg1:54
seg2:2
len:68
line:Thunar (1)           - File Manager for the Xfce Desktop Environment
seg1:54
seg2:13
len:57
line:tlp (8)              - apply laptop power saving settings
seg1:54
seg2:2
len:88
line:unoconv (1)          - convert any document from and to any LibreOffice supported format
seg1:54
seg2:33
len:68
line:usb_modeswitch (1)   - control the mode of 'multi-state' USB devices
seg1:54
seg2:13
len:74
line:vi (1)               - screen oriented (visual) display editor based on ex
seg1:54
seg2:19
len:62
line:vi (1p)              - screen-oriented (visual) display editor
seg1:54
seg2:7
len:62
line:virt-manager (1)     - Graphical tool for managing libvirt VMs
seg1:54
seg2:7
len:57
line:w3m (1)              - a text based web browser and pager
seg1:54
seg2:2
len:62
line:wget (1)             - The non-interactive network downloader.
seg1:54
seg2:7
len:63
line:which (1)            - shows the full path of (shell) commands.
seg1:54
seg2:8
len:78
line:wmctrl (1)           - interact with a EWMH/NetWM compatible X Window Manager.
seg1:54
seg2:23
len:79
line:wpa_supplicant (8)   - Wi-Fi Protected Access client and IEEE 802.1X supplicant
seg1:54
seg2:24
len:73
line:xclip (1)            - command line interface to X selections (clipboard)
seg1:54
seg2:18
len:55
line:xdotool (1)          - command-line X11 automation tool
seg1:54
seg2:0
len:79
line:xfce4-screenshooter (1) - manual page for xfce4-screenshooter 1.9.11git-7ae0abd
seg1:54
seg2:24
len:61
line:xfce4-session (1)    - Starts up the Xfce Desktop Environment
seg1:54
seg2:6
len:71
line:xfdesktop (1)        - The Xfce 4 Desktop Environment's desktop manager
seg1:54
seg2:16
len:62
line:xpad (1)             - A sticky notes application for GTK+ 3.0
seg1:54
seg2:7
len:65
line:xz (1)               - Compress or decompress .xz and .lzma files
seg1:54
seg2:10
len:80
line:youtube-dl (1)       - download videos from youtube.com or other video platforms
seg1:54
seg2:25
len:56
line:ytfzf (5)            - the configuration file for ytfzf.
seg1:54
seg2:1
len:64
line:zerotier-one (8)     - ZeroTier virtual network endpoint service
seg1:54
seg2:9
